

Started GET "/products" for ::1 at 2015-05-09 12:33:11 +0200
Processing by ProductsController#index as HTML
Completed 500 Internal Server Error in 1ms (ActiveRecord: 0.0ms)

NameError (uninitialized constant ProductsController::SphereIO):
  app/controllers/products_controller.rb:4:in `index'


  Rendered /Users/cjog/.rvm/gems/ruby-2.2.1@match_it/gems/actionpack-4.2.1/lib/action_dispatch/middleware/templates/rescues/_source.erb (6.3ms)
  Rendered /Users/cjog/.rvm/gems/ruby-2.2.1@match_it/gems/actionpack-4.2.1/lib/action_dispatch/middleware/templates/rescues/_trace.html.erb (2.8ms)
  Rendered /Users/cjog/.rvm/gems/ruby-2.2.1@match_it/gems/actionpack-4.2.1/lib/action_dispatch/middleware/templates/rescues/_request_and_response.html.erb (1.3ms)
  Rendered /Users/cjog/.rvm/gems/ruby-2.2.1@match_it/gems/actionpack-4.2.1/lib/action_dispatch/middleware/templates/rescues/diagnostics.html.erb within rescues/layout (57.9ms)


Started GET "/products" for ::1 at 2015-05-09 12:33:24 +0200
Processing by ProductsController#index as HTML
Completed 500 Internal Server Error in 0ms (ActiveRecord: 0.0ms)

NameError (uninitialized constant SphereIO):
  app/controllers/products_controller.rb:4:in `index'


  Rendered /Users/cjog/.rvm/gems/ruby-2.2.1@match_it/gems/actionpack-4.2.1/lib/action_dispatch/middleware/templates/rescues/_source.erb (5.0ms)
  Rendered /Users/cjog/.rvm/gems/ruby-2.2.1@match_it/gems/actionpack-4.2.1/lib/action_dispatch/middleware/templates/rescues/_trace.html.erb (2.4ms)
  Rendered /Users/cjog/.rvm/gems/ruby-2.2.1@match_it/gems/actionpack-4.2.1/lib/action_dispatch/middleware/templates/rescues/_request_and_response.html.erb (0.9ms)
  Rendered /Users/cjog/.rvm/gems/ruby-2.2.1@match_it/gems/actionpack-4.2.1/lib/action_dispatch/middleware/templates/rescues/diagnostics.html.erb within rescues/layout (48.6ms)


Started GET "/products" for ::1 at 2015-05-09 12:34:26 +0200
Processing by ProductsController#index as HTML
Completed 500 Internal Server Error in 1ms (ActiveRecord: 0.0ms)

NameError (uninitialized constant SphereIO):
  app/controllers/products_controller.rb:4:in `index'


  Rendered /Users/cjog/.rvm/gems/ruby-2.2.1@match_it/gems/actionpack-4.2.1/lib/action_dispatch/middleware/templates/rescues/_source.erb (9.7ms)
  Rendered /Users/cjog/.rvm/gems/ruby-2.2.1@match_it/gems/actionpack-4.2.1/lib/action_dispatch/middleware/templates/rescues/_trace.html.erb (2.6ms)
  Rendered /Users/cjog/.rvm/gems/ruby-2.2.1@match_it/gems/actionpack-4.2.1/lib/action_dispatch/middleware/templates/rescues/_request_and_response.html.erb (1.2ms)
  Rendered /Users/cjog/.rvm/gems/ruby-2.2.1@match_it/gems/actionpack-4.2.1/lib/action_dispatch/middleware/templates/rescues/diagnostics.html.erb within rescues/layout (59.2ms)


Started GET "/products" for ::1 at 2015-05-09 12:35:00 +0200
Processing by ProductsController#index as HTML
Completed 500 Internal Server Error in 1ms (ActiveRecord: 0.0ms)

NameError (uninitialized constant ProductsController::SphereIO):
  app/controllers/products_controller.rb:4:in `index'


  Rendered /Users/cjog/.rvm/gems/ruby-2.2.1@match_it/gems/actionpack-4.2.1/lib/action_dispatch/middleware/templates/rescues/_source.erb (5.7ms)
  Rendered /Users/cjog/.rvm/gems/ruby-2.2.1@match_it/gems/actionpack-4.2.1/lib/action_dispatch/middleware/templates/rescues/_trace.html.erb (2.5ms)
  Rendered /Users/cjog/.rvm/gems/ruby-2.2.1@match_it/gems/actionpack-4.2.1/lib/action_dispatch/middleware/templates/rescues/_request_and_response.html.erb (1.0ms)
  Rendered /Users/cjog/.rvm/gems/ruby-2.2.1@match_it/gems/actionpack-4.2.1/lib/action_dispatch/middleware/templates/rescues/diagnostics.html.erb within rescues/layout (50.1ms)


Started GET "/products" for ::1 at 2015-05-09 12:35:18 +0200
Processing by ProductsController#index as HTML
Completed 500 Internal Server Error in 0ms (ActiveRecord: 0.0ms)

NameError (uninitialized constant SphereIO):
  app/controllers/products_controller.rb:4:in `index'


  Rendered /Users/cjog/.rvm/gems/ruby-2.2.1@match_it/gems/actionpack-4.2.1/lib/action_dispatch/middleware/templates/rescues/_source.erb (5.3ms)
  Rendered /Users/cjog/.rvm/gems/ruby-2.2.1@match_it/gems/actionpack-4.2.1/lib/action_dispatch/middleware/templates/rescues/_trace.html.erb (6.8ms)
  Rendered /Users/cjog/.rvm/gems/ruby-2.2.1@match_it/gems/actionpack-4.2.1/lib/action_dispatch/middleware/templates/rescues/_request_and_response.html.erb (1.0ms)
  Rendered /Users/cjog/.rvm/gems/ruby-2.2.1@match_it/gems/actionpack-4.2.1/lib/action_dispatch/middleware/templates/rescues/diagnostics.html.erb within rescues/layout (54.3ms)


Started GET "/products" for ::1 at 2015-05-09 12:37:15 +0200
Processing by ProductsController#index as HTML
Completed 200 OK in 26201ms (ActiveRecord: 0.0ms)


Started GET "/products" for ::1 at 2015-05-09 12:41:01 +0200

SyntaxError (/Users/cjog/Projects/playground/match_it/api/app/controllers/products_controller.rb:8: syntax error, unexpected tCONSTANT, expecting keyword_end
      render :json JSON.parse res.body
                       ^):
  app/controllers/products_controller.rb:8: syntax error, unexpected tCONSTANT, expecting keyword_end


  Rendered /Users/cjog/.rvm/gems/ruby-2.2.1@match_it/gems/actionpack-4.2.1/lib/action_dispatch/middleware/templates/rescues/_source.erb (139.8ms)
  Rendered /Users/cjog/.rvm/gems/ruby-2.2.1@match_it/gems/actionpack-4.2.1/lib/action_dispatch/middleware/templates/rescues/_trace.html.erb (32.5ms)
  Rendered /Users/cjog/.rvm/gems/ruby-2.2.1@match_it/gems/actionpack-4.2.1/lib/action_dispatch/middleware/templates/rescues/_request_and_response.html.erb (4.2ms)
  Rendered /Users/cjog/.rvm/gems/ruby-2.2.1@match_it/gems/actionpack-4.2.1/lib/action_dispatch/middleware/templates/rescues/diagnostics.html.erb within rescues/layout (242.1ms)


Started GET "/products" for ::1 at 2015-05-09 12:41:20 +0200

SyntaxError (/Users/cjog/Projects/playground/match_it/api/app/controllers/products_controller.rb:8: syntax error, unexpected tIDENTIFIER, expecting keyword_end
      render :json, JSON.parse res.body
                                  ^):
  app/controllers/products_controller.rb:8: syntax error, unexpected tIDENTIFIER, expecting keyword_end


  Rendered /Users/cjog/.rvm/gems/ruby-2.2.1@match_it/gems/actionpack-4.2.1/lib/action_dispatch/middleware/templates/rescues/_source.erb (144.2ms)
  Rendered /Users/cjog/.rvm/gems/ruby-2.2.1@match_it/gems/actionpack-4.2.1/lib/action_dispatch/middleware/templates/rescues/_trace.html.erb (37.8ms)
  Rendered /Users/cjog/.rvm/gems/ruby-2.2.1@match_it/gems/actionpack-4.2.1/lib/action_dispatch/middleware/templates/rescues/_request_and_response.html.erb (4.2ms)
  Rendered /Users/cjog/.rvm/gems/ruby-2.2.1@match_it/gems/actionpack-4.2.1/lib/action_dispatch/middleware/templates/rescues/diagnostics.html.erb within rescues/layout (244.3ms)


Started GET "/products" for ::1 at 2015-05-09 12:41:37 +0200
Processing by ProductsController#index as HTML
Completed 500 Internal Server Error in 540ms (ActiveRecord: 0.0ms)

ActionView::MissingTemplate (Missing template products/json, application/json with {:locale=>[:en], :formats=>[:html], :variants=>[], :handlers=>[:erb, :builder, :raw, :ruby]}. Searched in:
):
  app/controllers/products_controller.rb:9:in `index'


  Rendered /Users/cjog/.rvm/gems/ruby-2.2.1@match_it/gems/actionpack-4.2.1/lib/action_dispatch/middleware/templates/rescues/_source.erb (215.9ms)
  Rendered /Users/cjog/.rvm/gems/ruby-2.2.1@match_it/gems/actionpack-4.2.1/lib/action_dispatch/middleware/templates/rescues/_trace.html.erb (48.0ms)
  Rendered /Users/cjog/.rvm/gems/ruby-2.2.1@match_it/gems/actionpack-4.2.1/lib/action_dispatch/middleware/templates/rescues/_request_and_response.html.erb (7.9ms)
  Rendered /Users/cjog/.rvm/gems/ruby-2.2.1@match_it/gems/actionpack-4.2.1/lib/action_dispatch/middleware/templates/rescues/missing_template.html.erb within rescues/layout (330.1ms)


Started GET "/products" for ::1 at 2015-05-09 12:42:34 +0200
Processing by ProductsController#index as HTML
Completed 200 OK in 625ms (Views: 34.2ms | ActiveRecord: 0.0ms)


Started GET "/products" for 127.0.0.1 at 2015-05-09 12:53:38 +0200
Processing by ProductsController#index as HTML
Completed 200 OK in 600ms (Views: 4.9ms | ActiveRecord: 0.0ms)


Started GET "/products" for 127.0.0.1 at 2015-05-09 13:27:16 +0200
Processing by ProductsController#index as HTML
Completed 200 OK in 851ms (Views: 5.4ms | ActiveRecord: 0.0ms)


Started GET "/products" for 127.0.0.1 at 2015-05-09 14:25:52 +0200
Processing by ProductsController#index as HTML
Completed 200 OK in 738ms (Views: 5.2ms | ActiveRecord: 0.0ms)


Started GET "/products" for 127.0.0.1 at 2015-05-09 14:50:19 +0200
Processing by ProductsController#index as HTML
Completed 200 OK in 832ms (Views: 146.0ms | ActiveRecord: 0.0ms)


Started GET "/products" for 127.0.0.1 at 2015-05-09 14:51:06 +0200
Processing by ProductsController#index as HTML
Completed 200 OK in 586ms (Views: 22.7ms | ActiveRecord: 0.0ms)


Started GET "/products" for 127.0.0.1 at 2015-05-09 14:52:19 +0200
Processing by ProductsController#index as HTML
Completed 200 OK in 557ms (Views: 8.3ms | ActiveRecord: 0.0ms)


Started GET "/products" for 127.0.0.1 at 2015-05-09 14:52:19 +0200
Processing by ProductsController#index as HTML
Completed 200 OK in 588ms (Views: 10.8ms | ActiveRecord: 0.0ms)


Started GET "/products" for 127.0.0.1 at 2015-05-09 14:52:44 +0200
Processing by ProductsController#index as HTML
Completed 500 Internal Server Error in 321ms (ActiveRecord: 0.0ms)

NoMethodError (undefined method `pry' for #<Binding:0x007fb7d1624518>):
  app/controllers/products_controller.rb:6:in `index'


  Rendered /Users/cjog/.rvm/gems/ruby-2.2.1@match_it/gems/actionpack-4.2.1/lib/action_dispatch/middleware/templates/rescues/_source.erb (30.3ms)
  Rendered /Users/cjog/.rvm/gems/ruby-2.2.1@match_it/gems/actionpack-4.2.1/lib/action_dispatch/middleware/templates/rescues/_trace.html.erb (13.2ms)
  Rendered /Users/cjog/.rvm/gems/ruby-2.2.1@match_it/gems/actionpack-4.2.1/lib/action_dispatch/middleware/templates/rescues/_request_and_response.html.erb (1.4ms)
  Rendered /Users/cjog/.rvm/gems/ruby-2.2.1@match_it/gems/actionpack-4.2.1/lib/action_dispatch/middleware/templates/rescues/diagnostics.html.erb within rescues/layout (96.0ms)


Started GET "/products" for 127.0.0.1 at 2015-05-09 14:55:42 +0200
Processing by ProductsController#index as HTML
Completed 200 OK in 12597ms (Views: 26.8ms | ActiveRecord: 0.0ms)


Started GET "/products" for 127.0.0.1 at 2015-05-09 14:57:10 +0200
Processing by ProductsController#index as HTML
Completed 200 OK in 5152ms (Views: 29.7ms | ActiveRecord: 0.0ms)


Started GET "/products" for 127.0.0.1 at 2015-05-09 14:58:33 +0200
Processing by ProductsController#index as HTML
Completed 200 OK in 6429ms (Views: 65.9ms | ActiveRecord: 0.0ms)


Started GET "/products" for 127.0.0.1 at 2015-05-09 14:58:51 +0200
Processing by ProductsController#index as HTML
Completed 200 OK in 12099ms (Views: 22.0ms | ActiveRecord: 0.0ms)


Started GET "/products" for 127.0.0.1 at 2015-05-09 14:59:03 +0200
Processing by ProductsController#index as HTML
Completed 200 OK in 605ms (Views: 13.1ms | ActiveRecord: 0.0ms)


Started GET "/products" for 127.0.0.1 at 2015-05-09 15:21:13 +0200
Processing by ProductsController#index as HTML
Completed 200 OK in 649ms (Views: 20.6ms | ActiveRecord: 0.0ms)


Started GET "/products" for 127.0.0.1 at 2015-05-09 16:00:49 +0200
Processing by ProductsController#index as HTML
Completed 500 Internal Server Error in 116062ms (ActiveRecord: 0.0ms)

SystemExit (exit):
  app/controllers/products_controller.rb:4:in `exit'
  app/controllers/products_controller.rb:4:in `index'
  app/controllers/products_controller.rb:4:in `index'


  Rendered /Users/cjog/.rvm/gems/ruby-2.2.1@match_it/gems/actionpack-4.2.1/lib/action_dispatch/middleware/templates/rescues/_source.erb (100.6ms)
  Rendered /Users/cjog/.rvm/gems/ruby-2.2.1@match_it/gems/actionpack-4.2.1/lib/action_dispatch/middleware/templates/rescues/_trace.html.erb (25.4ms)
  Rendered /Users/cjog/.rvm/gems/ruby-2.2.1@match_it/gems/actionpack-4.2.1/lib/action_dispatch/middleware/templates/rescues/_request_and_response.html.erb (2.6ms)
  Rendered /Users/cjog/.rvm/gems/ruby-2.2.1@match_it/gems/actionpack-4.2.1/lib/action_dispatch/middleware/templates/rescues/diagnostics.html.erb within rescues/layout (180.1ms)


Started GET "/products" for 127.0.0.1 at 2015-05-09 16:02:59 +0200
Processing by ProductsController#index as HTML
Completed 500 Internal Server Error in 193204ms (ActiveRecord: 0.0ms)

SystemExit (exit):
  app/controllers/products_controller.rb:7:in `exit'
  app/controllers/products_controller.rb:7:in `index'
  app/controllers/products_controller.rb:7:in `index'


  Rendered /Users/cjog/.rvm/gems/ruby-2.2.1@match_it/gems/actionpack-4.2.1/lib/action_dispatch/middleware/templates/rescues/_source.erb (250.7ms)
  Rendered /Users/cjog/.rvm/gems/ruby-2.2.1@match_it/gems/actionpack-4.2.1/lib/action_dispatch/middleware/templates/rescues/_trace.html.erb (60.4ms)
  Rendered /Users/cjog/.rvm/gems/ruby-2.2.1@match_it/gems/actionpack-4.2.1/lib/action_dispatch/middleware/templates/rescues/_request_and_response.html.erb (4.5ms)
  Rendered /Users/cjog/.rvm/gems/ruby-2.2.1@match_it/gems/actionpack-4.2.1/lib/action_dispatch/middleware/templates/rescues/diagnostics.html.erb within rescues/layout (401.4ms)


Started GET "/products" for 127.0.0.1 at 2015-05-09 16:09:37 +0200
Processing by ProductsController#index as HTML
Completed 500 Internal Server Error in 16610ms (ActiveRecord: 0.0ms)

SystemExit (exit):
  app/controllers/products_controller.rb:7:in `exit'
  app/controllers/products_controller.rb:7:in `index'
  app/controllers/products_controller.rb:7:in `index'


  Rendered /Users/cjog/.rvm/gems/ruby-2.2.1@match_it/gems/actionpack-4.2.1/lib/action_dispatch/middleware/templates/rescues/_source.erb (97.3ms)
  Rendered /Users/cjog/.rvm/gems/ruby-2.2.1@match_it/gems/actionpack-4.2.1/lib/action_dispatch/middleware/templates/rescues/_trace.html.erb (26.6ms)
  Rendered /Users/cjog/.rvm/gems/ruby-2.2.1@match_it/gems/actionpack-4.2.1/lib/action_dispatch/middleware/templates/rescues/_request_and_response.html.erb (2.9ms)
  Rendered /Users/cjog/.rvm/gems/ruby-2.2.1@match_it/gems/actionpack-4.2.1/lib/action_dispatch/middleware/templates/rescues/diagnostics.html.erb within rescues/layout (175.4ms)


Started GET "/products" for 127.0.0.1 at 2015-05-09 16:10:01 +0200
Processing by ProductsController#index as HTML
Completed 200 OK in 2567843ms (Views: 23.1ms | ActiveRecord: 0.0ms)


Started GET "/products" for 127.0.0.1 at 2015-05-09 17:13:03 +0200
Processing by ProductsController#index as HTML
Completed 200 OK in 638ms (Views: 12.4ms | ActiveRecord: 0.0ms)


Started GET "/products" for 127.0.0.1 at 2015-05-09 17:30:58 +0200
Processing by ProductsController#index as HTML
Completed 200 OK in 822ms (Views: 15.9ms | ActiveRecord: 0.0ms)


Started GET "/products" for 127.0.0.1 at 2015-05-09 17:31:39 +0200
Processing by ProductsController#index as HTML
Completed 200 OK in 715ms (Views: 45.7ms | ActiveRecord: 0.0ms)


Started GET "/products" for 127.0.0.1 at 2015-05-09 17:32:52 +0200
Processing by ProductsController#index as HTML
Completed 500 Internal Server Error in 766810ms (ActiveRecord: 0.0ms)

SystemExit (exit):
  app/controllers/products_controller.rb:10:in `exit'
  app/controllers/products_controller.rb:10:in `index'
  app/controllers/products_controller.rb:10:in `index'


  Rendered /Users/cjog/.rvm/gems/ruby-2.2.1@match_it/gems/actionpack-4.2.1/lib/action_dispatch/middleware/templates/rescues/_source.erb (103.1ms)
  Rendered /Users/cjog/.rvm/gems/ruby-2.2.1@match_it/gems/actionpack-4.2.1/lib/action_dispatch/middleware/templates/rescues/_trace.html.erb (26.4ms)
  Rendered /Users/cjog/.rvm/gems/ruby-2.2.1@match_it/gems/actionpack-4.2.1/lib/action_dispatch/middleware/templates/rescues/_request_and_response.html.erb (3.1ms)
  Rendered /Users/cjog/.rvm/gems/ruby-2.2.1@match_it/gems/actionpack-4.2.1/lib/action_dispatch/middleware/templates/rescues/diagnostics.html.erb within rescues/layout (186.0ms)


Started GET "/products" for 127.0.0.1 at 2015-05-09 17:45:42 +0200
Processing by ProductsController#index as HTML
Completed 500 Internal Server Error in 607ms (ActiveRecord: 0.0ms)

TypeError (no implicit conversion of String into Integer):
  app/controllers/products_controller.rb:12:in `[]'
  app/controllers/products_controller.rb:12:in `block in index'
  app/controllers/products_controller.rb:8:in `each'
  app/controllers/products_controller.rb:8:in `index'


  Rendered /Users/cjog/.rvm/gems/ruby-2.2.1@match_it/gems/actionpack-4.2.1/lib/action_dispatch/middleware/templates/rescues/_source.erb (88.2ms)
  Rendered /Users/cjog/.rvm/gems/ruby-2.2.1@match_it/gems/actionpack-4.2.1/lib/action_dispatch/middleware/templates/rescues/_trace.html.erb (23.6ms)
  Rendered /Users/cjog/.rvm/gems/ruby-2.2.1@match_it/gems/actionpack-4.2.1/lib/action_dispatch/middleware/templates/rescues/_request_and_response.html.erb (4.3ms)
  Rendered /Users/cjog/.rvm/gems/ruby-2.2.1@match_it/gems/actionpack-4.2.1/lib/action_dispatch/middleware/templates/rescues/diagnostics.html.erb within rescues/layout (164.3ms)


Started GET "/products" for 127.0.0.1 at 2015-05-09 17:45:52 +0200
Processing by ProductsController#index as HTML
Completed 500 Internal Server Error in 515ms (ActiveRecord: 0.0ms)

TypeError (no implicit conversion of String into Integer):
  app/controllers/products_controller.rb:12:in `[]'
  app/controllers/products_controller.rb:12:in `block in index'
  app/controllers/products_controller.rb:8:in `each'
  app/controllers/products_controller.rb:8:in `index'


  Rendered /Users/cjog/.rvm/gems/ruby-2.2.1@match_it/gems/actionpack-4.2.1/lib/action_dispatch/middleware/templates/rescues/_source.erb (6.9ms)
  Rendered /Users/cjog/.rvm/gems/ruby-2.2.1@match_it/gems/actionpack-4.2.1/lib/action_dispatch/middleware/templates/rescues/_trace.html.erb (3.0ms)
  Rendered /Users/cjog/.rvm/gems/ruby-2.2.1@match_it/gems/actionpack-4.2.1/lib/action_dispatch/middleware/templates/rescues/_request_and_response.html.erb (0.9ms)
  Rendered /Users/cjog/.rvm/gems/ruby-2.2.1@match_it/gems/actionpack-4.2.1/lib/action_dispatch/middleware/templates/rescues/diagnostics.html.erb within rescues/layout (54.4ms)


Started GET "/products" for 127.0.0.1 at 2015-05-09 17:48:24 +0200
Processing by ProductsController#index as HTML
Completed 500 Internal Server Error in 82469ms (ActiveRecord: 0.0ms)

SystemExit (exit):
  app/controllers/products_controller.rb:22:in `exit'
  app/controllers/products_controller.rb:22:in `index'
  app/controllers/products_controller.rb:22:in `index'


  Rendered /Users/cjog/.rvm/gems/ruby-2.2.1@match_it/gems/actionpack-4.2.1/lib/action_dispatch/middleware/templates/rescues/_source.erb (116.9ms)
  Rendered /Users/cjog/.rvm/gems/ruby-2.2.1@match_it/gems/actionpack-4.2.1/lib/action_dispatch/middleware/templates/rescues/_trace.html.erb (28.9ms)
  Rendered /Users/cjog/.rvm/gems/ruby-2.2.1@match_it/gems/actionpack-4.2.1/lib/action_dispatch/middleware/templates/rescues/_request_and_response.html.erb (2.9ms)
  Rendered /Users/cjog/.rvm/gems/ruby-2.2.1@match_it/gems/actionpack-4.2.1/lib/action_dispatch/middleware/templates/rescues/diagnostics.html.erb within rescues/layout (207.3ms)


Started GET "/products" for 127.0.0.1 at 2015-05-09 17:49:53 +0200
Processing by ProductsController#index as HTML
Completed 200 OK in 189175ms (Views: 119.3ms | ActiveRecord: 0.0ms)


Started GET "/products" for 127.0.0.1 at 2015-05-09 17:53:03 +0200
Processing by ProductsController#index as HTML
Completed 500 Internal Server Error in 437404ms (ActiveRecord: 0.0ms)

SystemExit (exit):
  app/controllers/products_controller.rb:22:in `exit'
  app/controllers/products_controller.rb:22:in `index'
  app/controllers/products_controller.rb:22:in `index'


  Rendered /Users/cjog/.rvm/gems/ruby-2.2.1@match_it/gems/actionpack-4.2.1/lib/action_dispatch/middleware/templates/rescues/_source.erb (97.9ms)
  Rendered /Users/cjog/.rvm/gems/ruby-2.2.1@match_it/gems/actionpack-4.2.1/lib/action_dispatch/middleware/templates/rescues/_trace.html.erb (25.4ms)
  Rendered /Users/cjog/.rvm/gems/ruby-2.2.1@match_it/gems/actionpack-4.2.1/lib/action_dispatch/middleware/templates/rescues/_request_and_response.html.erb (2.8ms)
  Rendered /Users/cjog/.rvm/gems/ruby-2.2.1@match_it/gems/actionpack-4.2.1/lib/action_dispatch/middleware/templates/rescues/diagnostics.html.erb within rescues/layout (187.3ms)


Started GET "/matching_product" for 127.0.0.1 at 2015-05-09 18:00:44 +0200

ActionController::RoutingError (No route matches [GET] "/matching_product"):
  actionpack (4.2.1) lib/action_dispatch/middleware/debug_exceptions.rb:21:in `call'
  actionpack (4.2.1) lib/action_dispatch/middleware/show_exceptions.rb:30:in `call'
  railties (4.2.1) lib/rails/rack/logger.rb:38:in `call_app'
  railties (4.2.1) lib/rails/rack/logger.rb:20:in `block in call'
  activesupport (4.2.1) lib/active_support/tagged_logging.rb:68:in `block in tagged'
  activesupport (4.2.1) lib/active_support/tagged_logging.rb:26:in `tagged'
  activesupport (4.2.1) lib/active_support/tagged_logging.rb:68:in `tagged'
  railties (4.2.1) lib/rails/rack/logger.rb:20:in `call'
  actionpack (4.2.1) lib/action_dispatch/middleware/request_id.rb:21:in `call'
  rack (1.6.1) lib/rack/runtime.rb:18:in `call'
  activesupport (4.2.1) lib/active_support/cache/strategy/local_cache_middleware.rb:28:in `call'
  rack (1.6.1) lib/rack/lock.rb:17:in `call'
  actionpack (4.2.1) lib/action_dispatch/middleware/static.rb:113:in `call'
  railties (4.2.1) lib/rails/engine.rb:518:in `call'
  railties (4.2.1) lib/rails/application.rb:164:in `call'
  rack (1.6.1) lib/rack/content_length.rb:15:in `call'
  thin (1.6.3) lib/thin/connection.rb:86:in `block in pre_process'
  thin (1.6.3) lib/thin/connection.rb:84:in `catch'
  thin (1.6.3) lib/thin/connection.rb:84:in `pre_process'
  thin (1.6.3) lib/thin/connection.rb:53:in `process'
  thin (1.6.3) lib/thin/connection.rb:39:in `receive_data'
  eventmachine (1.0.7) lib/eventmachine.rb:187:in `run_machine'
  eventmachine (1.0.7) lib/eventmachine.rb:187:in `run'
  thin (1.6.3) lib/thin/backends/base.rb:73:in `start'
  thin (1.6.3) lib/thin/server.rb:162:in `start'
  rack (1.6.1) lib/rack/handler/thin.rb:19:in `run'
  rack (1.6.1) lib/rack/server.rb:286:in `start'
  railties (4.2.1) lib/rails/commands/server.rb:80:in `start'
  railties (4.2.1) lib/rails/commands/commands_tasks.rb:80:in `block in server'
  railties (4.2.1) lib/rails/commands/commands_tasks.rb:75:in `tap'
  railties (4.2.1) lib/rails/commands/commands_tasks.rb:75:in `server'
  railties (4.2.1) lib/rails/commands/commands_tasks.rb:39:in `run_command!'
  railties (4.2.1) lib/rails/commands.rb:17:in `<top (required)>'
  bin/rails:8:in `require'
  bin/rails:8:in `<top (required)>'
  spring (1.3.6) lib/spring/client/rails.rb:28:in `load'
  spring (1.3.6) lib/spring/client/rails.rb:28:in `call'
  spring (1.3.6) lib/spring/client/command.rb:7:in `call'
  spring (1.3.6) lib/spring/client.rb:26:in `run'
  spring (1.3.6) bin/spring:48:in `<top (required)>'
  spring (1.3.6) lib/spring/binstub.rb:11:in `load'
  spring (1.3.6) lib/spring/binstub.rb:11:in `<top (required)>'
  bin/spring:13:in `require'
  bin/spring:13:in `<top (required)>'
  bin/rails:3:in `load'
  bin/rails:3:in `<main>'


  Rendered /Users/cjog/.rvm/gems/ruby-2.2.1@match_it/gems/actionpack-4.2.1/lib/action_dispatch/middleware/templates/rescues/_trace.html.erb (2.2ms)
  Rendered /Users/cjog/.rvm/gems/ruby-2.2.1@match_it/gems/actionpack-4.2.1/lib/action_dispatch/middleware/templates/routes/_route.html.erb (1.0ms)
  Rendered /Users/cjog/.rvm/gems/ruby-2.2.1@match_it/gems/actionpack-4.2.1/lib/action_dispatch/middleware/templates/routes/_table.html.erb (10.7ms)
  Rendered /Users/cjog/.rvm/gems/ruby-2.2.1@match_it/gems/actionpack-4.2.1/lib/action_dispatch/middleware/templates/rescues/_request_and_response.html.erb (1.1ms)
  Rendered /Users/cjog/.rvm/gems/ruby-2.2.1@match_it/gems/actionpack-4.2.1/lib/action_dispatch/middleware/templates/rescues/routing_error.html.erb within rescues/layout (77.4ms)


Started GET "/matching_color" for 127.0.0.1 at 2015-05-09 18:02:39 +0200

ActionController::RoutingError (No route matches [GET] "/matching_color"):
  actionpack (4.2.1) lib/action_dispatch/middleware/debug_exceptions.rb:21:in `call'
  actionpack (4.2.1) lib/action_dispatch/middleware/show_exceptions.rb:30:in `call'
  railties (4.2.1) lib/rails/rack/logger.rb:38:in `call_app'
  railties (4.2.1) lib/rails/rack/logger.rb:20:in `block in call'
  activesupport (4.2.1) lib/active_support/tagged_logging.rb:68:in `block in tagged'
  activesupport (4.2.1) lib/active_support/tagged_logging.rb:26:in `tagged'
  activesupport (4.2.1) lib/active_support/tagged_logging.rb:68:in `tagged'
  railties (4.2.1) lib/rails/rack/logger.rb:20:in `call'
  actionpack (4.2.1) lib/action_dispatch/middleware/request_id.rb:21:in `call'
  rack (1.6.1) lib/rack/runtime.rb:18:in `call'
  activesupport (4.2.1) lib/active_support/cache/strategy/local_cache_middleware.rb:28:in `call'
  rack (1.6.1) lib/rack/lock.rb:17:in `call'
  actionpack (4.2.1) lib/action_dispatch/middleware/static.rb:113:in `call'
  railties (4.2.1) lib/rails/engine.rb:518:in `call'
  railties (4.2.1) lib/rails/application.rb:164:in `call'
  rack (1.6.1) lib/rack/content_length.rb:15:in `call'
  thin (1.6.3) lib/thin/connection.rb:86:in `block in pre_process'
  thin (1.6.3) lib/thin/connection.rb:84:in `catch'
  thin (1.6.3) lib/thin/connection.rb:84:in `pre_process'
  thin (1.6.3) lib/thin/connection.rb:53:in `process'
  thin (1.6.3) lib/thin/connection.rb:39:in `receive_data'
  eventmachine (1.0.7) lib/eventmachine.rb:187:in `run_machine'
  eventmachine (1.0.7) lib/eventmachine.rb:187:in `run'
  thin (1.6.3) lib/thin/backends/base.rb:73:in `start'
  thin (1.6.3) lib/thin/server.rb:162:in `start'
  rack (1.6.1) lib/rack/handler/thin.rb:19:in `run'
  rack (1.6.1) lib/rack/server.rb:286:in `start'
  railties (4.2.1) lib/rails/commands/server.rb:80:in `start'
  railties (4.2.1) lib/rails/commands/commands_tasks.rb:80:in `block in server'
  railties (4.2.1) lib/rails/commands/commands_tasks.rb:75:in `tap'
  railties (4.2.1) lib/rails/commands/commands_tasks.rb:75:in `server'
  railties (4.2.1) lib/rails/commands/commands_tasks.rb:39:in `run_command!'
  railties (4.2.1) lib/rails/commands.rb:17:in `<top (required)>'
  bin/rails:8:in `require'
  bin/rails:8:in `<top (required)>'
  spring (1.3.6) lib/spring/client/rails.rb:28:in `load'
  spring (1.3.6) lib/spring/client/rails.rb:28:in `call'
  spring (1.3.6) lib/spring/client/command.rb:7:in `call'
  spring (1.3.6) lib/spring/client.rb:26:in `run'
  spring (1.3.6) bin/spring:48:in `<top (required)>'
  spring (1.3.6) lib/spring/binstub.rb:11:in `load'
  spring (1.3.6) lib/spring/binstub.rb:11:in `<top (required)>'
  bin/spring:13:in `require'
  bin/spring:13:in `<top (required)>'
  bin/rails:3:in `load'
  bin/rails:3:in `<main>'


  Rendered /Users/cjog/.rvm/gems/ruby-2.2.1@match_it/gems/actionpack-4.2.1/lib/action_dispatch/middleware/templates/rescues/_trace.html.erb (1.9ms)
  Rendered /Users/cjog/.rvm/gems/ruby-2.2.1@match_it/gems/actionpack-4.2.1/lib/action_dispatch/middleware/templates/routes/_route.html.erb (0.8ms)
  Rendered /Users/cjog/.rvm/gems/ruby-2.2.1@match_it/gems/actionpack-4.2.1/lib/action_dispatch/middleware/templates/routes/_table.html.erb (9.7ms)
  Rendered /Users/cjog/.rvm/gems/ruby-2.2.1@match_it/gems/actionpack-4.2.1/lib/action_dispatch/middleware/templates/rescues/_request_and_response.html.erb (1.1ms)
  Rendered /Users/cjog/.rvm/gems/ruby-2.2.1@match_it/gems/actionpack-4.2.1/lib/action_dispatch/middleware/templates/rescues/routing_error.html.erb within rescues/layout (71.5ms)


Started GET "/products/matching_color" for 127.0.0.1 at 2015-05-09 18:03:15 +0200
Processing by ProductsController#matching_color as HTML
Completed 500 Internal Server Error in 4ms (ActiveRecord: 0.0ms)

NoMethodError (undefined method `products' for Sphereio:Module):
  app/controllers/products_controller.rb:3:in `matching_color'


  Rendered /Users/cjog/.rvm/gems/ruby-2.2.1@match_it/gems/actionpack-4.2.1/lib/action_dispatch/middleware/templates/rescues/_source.erb (6.5ms)
  Rendered /Users/cjog/.rvm/gems/ruby-2.2.1@match_it/gems/actionpack-4.2.1/lib/action_dispatch/middleware/templates/rescues/_trace.html.erb (2.9ms)
  Rendered /Users/cjog/.rvm/gems/ruby-2.2.1@match_it/gems/actionpack-4.2.1/lib/action_dispatch/middleware/templates/rescues/_request_and_response.html.erb (1.1ms)
  Rendered /Users/cjog/.rvm/gems/ruby-2.2.1@match_it/gems/actionpack-4.2.1/lib/action_dispatch/middleware/templates/rescues/diagnostics.html.erb within rescues/layout (57.6ms)


Started GET "/products/matching_color" for 127.0.0.1 at 2015-05-09 18:03:51 +0200
Processing by ProductsController#matching_color as HTML
Completed 200 OK in 704ms (Views: 3.9ms | ActiveRecord: 0.0ms)


Started GET "/products/matching_color" for 127.0.0.1 at 2015-05-09 18:05:39 +0200
Processing by ProductsController#matching_color as HTML
Completed 200 OK in 2ms (Views: 1.8ms | ActiveRecord: 0.0ms)


Started GET "/products/matching_color" for 127.0.0.1 at 2015-05-09 18:18:56 +0200
Processing by ProductsController#matching_color as HTML
Completed 200 OK in 685ms (Views: 5.6ms | ActiveRecord: 0.0ms)


Started GET "/products/matching_color" for 127.0.0.1 at 2015-05-09 18:27:48 +0200
Processing by ProductsController#matching_color as HTML
Completed 500 Internal Server Error in 76543ms (ActiveRecord: 0.0ms)

SystemExit (exit):
  lib/sphereio.rb:38:in `exit'
  lib/sphereio.rb:38:in `block in product_with_matching_color'
  lib/sphereio.rb:38:in `block in product_with_matching_color'
  lib/sphereio.rb:27:in `collect'
  lib/sphereio.rb:27:in `product_with_matching_color'
  app/controllers/products_controller.rb:5:in `matching_color'


  Rendered /Users/cjog/.rvm/gems/ruby-2.2.1@match_it/gems/actionpack-4.2.1/lib/action_dispatch/middleware/templates/rescues/_source.erb (99.9ms)
  Rendered /Users/cjog/.rvm/gems/ruby-2.2.1@match_it/gems/actionpack-4.2.1/lib/action_dispatch/middleware/templates/rescues/_trace.html.erb (52.9ms)
  Rendered /Users/cjog/.rvm/gems/ruby-2.2.1@match_it/gems/actionpack-4.2.1/lib/action_dispatch/middleware/templates/rescues/_request_and_response.html.erb (2.6ms)
  Rendered /Users/cjog/.rvm/gems/ruby-2.2.1@match_it/gems/actionpack-4.2.1/lib/action_dispatch/middleware/templates/rescues/diagnostics.html.erb within rescues/layout (209.1ms)


Started GET "/products/matching_color" for 127.0.0.1 at 2015-05-09 18:29:14 +0200
Processing by ProductsController#matching_color as HTML
Completed 500 Internal Server Error in 33898ms (ActiveRecord: 0.0ms)

SystemExit (exit):
  lib/sphereio.rb:39:in `exit'
  lib/sphereio.rb:39:in `block in product_with_matching_color'
  lib/sphereio.rb:39:in `block in product_with_matching_color'
  lib/sphereio.rb:27:in `collect'
  lib/sphereio.rb:27:in `product_with_matching_color'
  app/controllers/products_controller.rb:5:in `matching_color'


  Rendered /Users/cjog/.rvm/gems/ruby-2.2.1@match_it/gems/actionpack-4.2.1/lib/action_dispatch/middleware/templates/rescues/_source.erb (133.8ms)
  Rendered /Users/cjog/.rvm/gems/ruby-2.2.1@match_it/gems/actionpack-4.2.1/lib/action_dispatch/middleware/templates/rescues/_trace.html.erb (29.1ms)
  Rendered /Users/cjog/.rvm/gems/ruby-2.2.1@match_it/gems/actionpack-4.2.1/lib/action_dispatch/middleware/templates/rescues/_request_and_response.html.erb (3.0ms)
  Rendered /Users/cjog/.rvm/gems/ruby-2.2.1@match_it/gems/actionpack-4.2.1/lib/action_dispatch/middleware/templates/rescues/diagnostics.html.erb within rescues/layout (220.0ms)


Started GET "/products/matching_color" for 127.0.0.1 at 2015-05-09 18:30:01 +0200
Processing by ProductsController#matching_color as HTML
Completed 500 Internal Server Error in 90326ms (ActiveRecord: 0.0ms)

SystemExit (exit):
  lib/sphereio.rb:39:in `exit'
  lib/sphereio.rb:39:in `block in product_with_matching_color'
  lib/sphereio.rb:39:in `block in product_with_matching_color'
  lib/sphereio.rb:27:in `collect'
  lib/sphereio.rb:27:in `product_with_matching_color'
  app/controllers/products_controller.rb:5:in `matching_color'


  Rendered /Users/cjog/.rvm/gems/ruby-2.2.1@match_it/gems/actionpack-4.2.1/lib/action_dispatch/middleware/templates/rescues/_source.erb (106.4ms)
  Rendered /Users/cjog/.rvm/gems/ruby-2.2.1@match_it/gems/actionpack-4.2.1/lib/action_dispatch/middleware/templates/rescues/_trace.html.erb (22.2ms)
  Rendered /Users/cjog/.rvm/gems/ruby-2.2.1@match_it/gems/actionpack-4.2.1/lib/action_dispatch/middleware/templates/rescues/_request_and_response.html.erb (3.0ms)
  Rendered /Users/cjog/.rvm/gems/ruby-2.2.1@match_it/gems/actionpack-4.2.1/lib/action_dispatch/middleware/templates/rescues/diagnostics.html.erb within rescues/layout (185.5ms)


Started GET "/products/matching_color" for 127.0.0.1 at 2015-05-09 18:31:37 +0200
Processing by ProductsController#matching_color as HTML
Completed 500 Internal Server Error in 46573ms (ActiveRecord: 0.0ms)

SystemExit (exit):
  lib/sphereio.rb:40:in `exit'
  lib/sphereio.rb:40:in `block in product_with_matching_color'
  lib/sphereio.rb:40:in `block in product_with_matching_color'
  lib/sphereio.rb:27:in `collect'
  lib/sphereio.rb:27:in `product_with_matching_color'
  app/controllers/products_controller.rb:5:in `matching_color'


  Rendered /Users/cjog/.rvm/gems/ruby-2.2.1@match_it/gems/actionpack-4.2.1/lib/action_dispatch/middleware/templates/rescues/_source.erb (122.1ms)
  Rendered /Users/cjog/.rvm/gems/ruby-2.2.1@match_it/gems/actionpack-4.2.1/lib/action_dispatch/middleware/templates/rescues/_trace.html.erb (24.9ms)
  Rendered /Users/cjog/.rvm/gems/ruby-2.2.1@match_it/gems/actionpack-4.2.1/lib/action_dispatch/middleware/templates/rescues/_request_and_response.html.erb (2.7ms)
  Rendered /Users/cjog/.rvm/gems/ruby-2.2.1@match_it/gems/actionpack-4.2.1/lib/action_dispatch/middleware/templates/rescues/diagnostics.html.erb within rescues/layout (202.6ms)


Started GET "/products/matching_color" for 127.0.0.1 at 2015-05-09 18:32:32 +0200
Processing by ProductsController#matching_color as HTML
Completed 500 Internal Server Error in 148268ms (ActiveRecord: 0.0ms)

SystemExit (exit):
  lib/sphereio.rb:40:in `exit'
  lib/sphereio.rb:40:in `block in product_with_matching_color'
  lib/sphereio.rb:40:in `block in product_with_matching_color'
  lib/sphereio.rb:27:in `collect'
  lib/sphereio.rb:27:in `product_with_matching_color'
  app/controllers/products_controller.rb:5:in `matching_color'


  Rendered /Users/cjog/.rvm/gems/ruby-2.2.1@match_it/gems/actionpack-4.2.1/lib/action_dispatch/middleware/templates/rescues/_source.erb (109.5ms)
  Rendered /Users/cjog/.rvm/gems/ruby-2.2.1@match_it/gems/actionpack-4.2.1/lib/action_dispatch/middleware/templates/rescues/_trace.html.erb (31.5ms)
  Rendered /Users/cjog/.rvm/gems/ruby-2.2.1@match_it/gems/actionpack-4.2.1/lib/action_dispatch/middleware/templates/rescues/_request_and_response.html.erb (4.3ms)
  Rendered /Users/cjog/.rvm/gems/ruby-2.2.1@match_it/gems/actionpack-4.2.1/lib/action_dispatch/middleware/templates/rescues/diagnostics.html.erb within rescues/layout (197.5ms)


Started GET "/products/matching_color" for 127.0.0.1 at 2015-05-09 18:35:10 +0200
Processing by ProductsController#matching_color as HTML
Completed 500 Internal Server Error in 843ms (ActiveRecord: 0.0ms)

TypeError (no implicit conversion of String into Integer):
  lib/sphereio.rb:34:in `[]'
  lib/sphereio.rb:34:in `block in product_with_matching_color'
  lib/sphereio.rb:27:in `collect'
  lib/sphereio.rb:27:in `product_with_matching_color'
  app/controllers/products_controller.rb:5:in `matching_color'


  Rendered /Users/cjog/.rvm/gems/ruby-2.2.1@match_it/gems/actionpack-4.2.1/lib/action_dispatch/middleware/templates/rescues/_source.erb (8.3ms)
  Rendered /Users/cjog/.rvm/gems/ruby-2.2.1@match_it/gems/actionpack-4.2.1/lib/action_dispatch/middleware/templates/rescues/_trace.html.erb (2.6ms)
  Rendered /Users/cjog/.rvm/gems/ruby-2.2.1@match_it/gems/actionpack-4.2.1/lib/action_dispatch/middleware/templates/rescues/_request_and_response.html.erb (0.9ms)
  Rendered /Users/cjog/.rvm/gems/ruby-2.2.1@match_it/gems/actionpack-4.2.1/lib/action_dispatch/middleware/templates/rescues/diagnostics.html.erb within rescues/layout (53.2ms)


Started GET "/products/matching_color" for 127.0.0.1 at 2015-05-09 18:36:01 +0200
Processing by ProductsController#matching_color as HTML
Completed 500 Internal Server Error in 319762ms (ActiveRecord: 0.0ms)

SystemExit (exit):
  lib/sphereio.rb:52:in `exit'
  lib/sphereio.rb:52:in `product_with_matching_color'
  lib/sphereio.rb:52:in `product_with_matching_color'
  app/controllers/products_controller.rb:5:in `matching_color'


  Rendered /Users/cjog/.rvm/gems/ruby-2.2.1@match_it/gems/actionpack-4.2.1/lib/action_dispatch/middleware/templates/rescues/_source.erb (106.4ms)
  Rendered /Users/cjog/.rvm/gems/ruby-2.2.1@match_it/gems/actionpack-4.2.1/lib/action_dispatch/middleware/templates/rescues/_trace.html.erb (30.9ms)
  Rendered /Users/cjog/.rvm/gems/ruby-2.2.1@match_it/gems/actionpack-4.2.1/lib/action_dispatch/middleware/templates/rescues/_request_and_response.html.erb (5.0ms)
  Rendered /Users/cjog/.rvm/gems/ruby-2.2.1@match_it/gems/actionpack-4.2.1/lib/action_dispatch/middleware/templates/rescues/diagnostics.html.erb within rescues/layout (201.4ms)


Started GET "/products/matching_color" for 127.0.0.1 at 2015-05-09 18:41:29 +0200
Processing by ProductsController#matching_color as HTML
Completed 500 Internal Server Error in 376518ms (ActiveRecord: 0.0ms)

SystemExit (exit):
  lib/sphereio.rb:55:in `exit'
  lib/sphereio.rb:55:in `product_with_matching_color'
  lib/sphereio.rb:55:in `product_with_matching_color'
  app/controllers/products_controller.rb:5:in `matching_color'


  Rendered /Users/cjog/.rvm/gems/ruby-2.2.1@match_it/gems/actionpack-4.2.1/lib/action_dispatch/middleware/templates/rescues/_source.erb (103.9ms)
  Rendered /Users/cjog/.rvm/gems/ruby-2.2.1@match_it/gems/actionpack-4.2.1/lib/action_dispatch/middleware/templates/rescues/_trace.html.erb (26.9ms)
  Rendered /Users/cjog/.rvm/gems/ruby-2.2.1@match_it/gems/actionpack-4.2.1/lib/action_dispatch/middleware/templates/rescues/_request_and_response.html.erb (2.9ms)
  Rendered /Users/cjog/.rvm/gems/ruby-2.2.1@match_it/gems/actionpack-4.2.1/lib/action_dispatch/middleware/templates/rescues/diagnostics.html.erb within rescues/layout (186.5ms)


Started GET "/products/matching_color" for 127.0.0.1 at 2015-05-09 18:57:43 +0200
Processing by ProductsController#matching_color as HTML
Completed 200 OK in 680ms (Views: 0.5ms | ActiveRecord: 0.0ms)


Started GET "/products/matching_color" for 127.0.0.1 at 2015-05-09 19:00:28 +0200
Processing by ProductsController#matching_color as HTML
Completed 200 OK in 580ms (Views: 1.1ms | ActiveRecord: 0.0ms)


Started GET "/products/matching_color?color=" for 127.0.0.1 at 2015-05-09 19:07:41 +0200
Processing by ProductsController#matching_color as HTML
  Parameters: {"color"=>""}
Completed 500 Internal Server Error in 800ms (ActiveRecord: 0.0ms)

ArgumentError (Not a supported HTML colour type.):
  lib/sphereio.rb:44:in `product_with_matching_color'
  app/controllers/products_controller.rb:3:in `matching_color'


  Rendered /Users/cjog/.rvm/gems/ruby-2.2.1@match_it/gems/actionpack-4.2.1/lib/action_dispatch/middleware/templates/rescues/_source.erb (6.2ms)
  Rendered /Users/cjog/.rvm/gems/ruby-2.2.1@match_it/gems/actionpack-4.2.1/lib/action_dispatch/middleware/templates/rescues/_trace.html.erb (3.4ms)
  Rendered /Users/cjog/.rvm/gems/ruby-2.2.1@match_it/gems/actionpack-4.2.1/lib/action_dispatch/middleware/templates/rescues/_request_and_response.html.erb (1.0ms)
  Rendered /Users/cjog/.rvm/gems/ruby-2.2.1@match_it/gems/actionpack-4.2.1/lib/action_dispatch/middleware/templates/rescues/diagnostics.html.erb within rescues/layout (53.0ms)


Started GET "/products/matching_color?color=" for 127.0.0.1 at 2015-05-09 19:07:54 +0200
Processing by ProductsController#matching_color as HTML
  Parameters: {"color"=>""}
Completed 500 Internal Server Error in 590ms (ActiveRecord: 0.0ms)

ArgumentError (Not a supported HTML colour type.):
  lib/sphereio.rb:44:in `product_with_matching_color'
  app/controllers/products_controller.rb:3:in `matching_color'


  Rendered /Users/cjog/.rvm/gems/ruby-2.2.1@match_it/gems/actionpack-4.2.1/lib/action_dispatch/middleware/templates/rescues/_source.erb (6.0ms)
  Rendered /Users/cjog/.rvm/gems/ruby-2.2.1@match_it/gems/actionpack-4.2.1/lib/action_dispatch/middleware/templates/rescues/_trace.html.erb (2.6ms)
  Rendered /Users/cjog/.rvm/gems/ruby-2.2.1@match_it/gems/actionpack-4.2.1/lib/action_dispatch/middleware/templates/rescues/_request_and_response.html.erb (1.0ms)
  Rendered /Users/cjog/.rvm/gems/ruby-2.2.1@match_it/gems/actionpack-4.2.1/lib/action_dispatch/middleware/templates/rescues/diagnostics.html.erb within rescues/layout (48.8ms)


Started GET "/products/matching_color?color=1b3252" for 127.0.0.1 at 2015-05-09 19:08:15 +0200
Processing by ProductsController#matching_color as HTML
  Parameters: {"color"=>"1b3252"}
Completed 200 OK in 539ms (Views: 1.0ms | ActiveRecord: 0.0ms)
